<?xml version="1.0" encoding="UTF-8"?>
<testng-results skipped="0" failed="0" ignored="0" total="1" passed="1">
  <reporter-output>
  </reporter-output>
  <suite name="Suite" duration-ms="11981" started-at="2019-11-20T12:12:11Z" finished-at="2019-11-20T12:12:23Z">
    <groups>
    </groups>
    <test name="Test" duration-ms="11981" started-at="2019-11-20T12:12:11Z" finished-at="2019-11-20T12:12:23Z">
      <class name="Jen.ks.TTK">
        <test-method status="PASS" signature="ttes()[pri:0, instance:Jen.ks.TTK@511baa65]" name="ttes" duration-ms="11949" started-at="2019-11-20T12:12:11Z" finished-at="2019-11-20T12:12:23Z">
          <reporter-output>
          </reporter-output>
        </test-method> <!-- ttes -->
      </class> <!-- Jen.ks.TTK -->
    </test> <!-- Test -->
  </suite> <!-- Suite -->
</testng-results>
